2015-10-23 15:01:14 INFO  os:135 - 1 * LoggingFilter - Request received on thread sampleActorSystem-akka.actor.default-dispatcher-2
1 > POST http://tddv-dlyse-openstack.eolas-services.com:5000/v2.0/tokens
1 > Accept: application/json
1 > Content-Type: application/json
{
  "auth" : {
    "tenantName" : "datalyse",
    "passwordCredentials" : {
      "username" : "datalyse",
      "password" : "******"
    }
  }
}

2015-10-23 15:01:14 INFO  os:135 - 2 * LoggingFilter - Response received on thread sampleActorSystem-akka.actor.default-dispatcher-2
2 < 200
2 < Date: Fri, 23 Oct 2015 13:00:41 GMT
2 < Vary: X-Auth-Token
2 < Content-Length: 3078
2 < X-Distribution: Ubuntu
2 < Connection: keep-alive
2 < Content-Type: application/json
{"access": {"token": {"issued_at": "2015-10-23T13:00:41.779907", "expires": "2015-10-23T14:00:41Z", "id": "bb1650d37f6545edbb7b013335b8e1c3", "tenant": {"description": "Datalyse Tenant", "enabled": true, "id": "f07c410b42114fada3b780a91c210c2c", "name": "datalyse"}, "audit_ids": ["08p2jq0zTd62JDIIAIci-Q"]}, "serviceCatalog": [{"endpoints": [{"adminURL": "http://tddv-dlyse-openstack:8774/v2/f07c410b42114fada3b780a91c210c2c", "region": "regionOne", "internalURL": "http://tddv-dlyse-openstack:8774/v2/f07c410b42114fada3b780a91c210c2c", "id": "50ed0f57fb074657941866d3e20767d1", "publicURL": "http://tddv-dlyse-openstack.eolas-services.com:8774/v2/f07c410b42114fada3b780a91c210c2c"}], "endpoints_links": [], "type": "compute", "name": "nova"}, {"endpoints": [{"adminURL": "http://tddv-dlyse-openstack:9696", "region": "regionOne", "internalURL": "http://tddv-dlyse-openstack:9696", "id": "21f7bca031924694972058525b1eb266", "publicURL": "http://tddv-dlyse-openstack.eolas-services.com:9696"}], "endpoints_links": [], "type": "network", "name": "neutron"}, {"endpoints": [{"adminURL": "http://tddv-dlyse-openstack:8776/v2/f07c410b42114fada3b780a91c210c2c", "region": "regionOne", "internalURL": "http://tddv-dlyse-openstack:8776/v2/f07c410b42114fada3b780a91c210c2c", "id": "89d4b962e5b44902a5fbad7e2f319cb6", "publicURL": "http://tddv-dlyse-openstack.eolas-services.com:8776/v2/f07c410b42114fada3b780a91c210c2c"}], "endpoints_links": [], "type": "volumev2", "name": "cinderv2"}, {"endpoints": [{"adminURL": "http://tddv-dlyse-openstack:9292", "region": "regionOne", "internalURL": "http://tddv-dlyse-openstack:9292", "id": "97c897fa9517404581bcc4726ff8e472", "publicURL": "http://tddv-dlyse-openstack.eolas-services.com:9292"}], "endpoints_links": [], "type": "image", "name": "glance"}, {"endpoints": [{"adminURL": "http://tddv-dlyse-openstack:8777", "region": "regionOne", "internalURL": "http://tddv-dlyse-openstack:8777", "id": "0d609e7c77874fbc9ed1f094dab7c565", "publicURL": "http://tddv-dlyse-openstack.eolas-services.com:8777 "}], "endpoints_links": [], "type": "metering", "name": "ceilometer"}, {"endpoints": [{"adminURL": "http://tddv-dlyse-openstack:8776/v1/f07c410b42114fada3b780a91c210c2c", "region": "regionOne", "internalURL": "http://tddv-dlyse-openstack:8776/v1/f07c410b42114fada3b780a91c210c2c", "id": "50522c125bb6419ab4833cee190d3ec0", "publicURL": "http://tddv-dlyse-openstack.eolas-services.com:8776/v1/f07c410b42114fada3b780a91c210c2c"}], "endpoints_links": [], "type": "volume", "name": "cinder"}, {"endpoints": [{"adminURL": "http://tddv-dlyse-openstack:35357/v2.0", "region": "regionOne", "internalURL": "http://tddv-dlyse-openstack:5000/v2.0", "id": "06de68b995a5428bb446f3cba698fad9", "publicURL": "http://tddv-dlyse-openstack.eolas-services.com:5000/v2.0"}], "endpoints_links": [], "type": "identity", "name": "keystone"}], "user": {"username": "datalyse", "roles_links": [], "id": "4d598f69fdd140d4ba87d311656bb4c0", "roles": [{"name": "_member_"}], "name": "datalyse"}, "metadata": {"is_admin": 0, "roles": ["9fe2ff9ee4384b1894a90878d3e92bab"]}}}

2015-10-23 15:01:14 INFO  os:135 - 3 * LoggingFilter - Request received on thread sampleActorSystem-akka.actor.default-dispatcher-2
3 > GET http://tddv-dlyse-openstack.eolas-services.com:8774/v2/f07c410b42114fada3b780a91c210c2c/servers/detail
3 > X-Auth-Token: bb1650d37f6545edbb7b013335b8e1c3
3 > Accept: application/json

2015-10-23 15:01:14 INFO  os:135 - 4 * LoggingFilter - Response received on thread sampleActorSystem-akka.actor.default-dispatcher-2
4 < 200
4 < Date: Fri, 23 Oct 2015 13:00:42 GMT
4 < Content-Length: 5296
4 < Connection: keep-alive
4 < Content-Type: application/json
4 < X-Compute-Request-Id: req-5aa1a772-ddaf-4629-b87d-a696894fe430
{"servers": [{"status": "ACTIVE", "updated": "2015-10-23T12:31:41Z", "hostId": "e68acdd4a993707a4e11fe9a86e47552c58aaf190f95c9b7b089e76c", "addresses": {"datalyse-net": [{"OS-EXT-IPS-MAC:mac_addr": "fa:16:3e:b3:35:00", "version": 4, "addr": "10.67.24.100", "OS-EXT-IPS:type": "fixed"}]}, "links": [{"href": "http://tddv-dlyse-openstack.eolas-services.com:8774/v2/f07c410b42114fada3b780a91c210c2c/servers/c0011584-a384-4ca4-a0ea-e7b883d2cb90", "rel": "self"}, {"href": "http://tddv-dlyse-openstack.eolas-services.com:8774/f07c410b42114fada3b780a91c210c2c/servers/c0011584-a384-4ca4-a0ea-e7b883d2cb90", "rel": "bookmark"}], "key_name": "lalos", "image": {"id": "7ae7d788-8b12-45f7-8fb9-23ce6cfaa7ac", "links": [{"href": "http://tddv-dlyse-openstack.eolas-services.com:8774/f07c410b42114fada3b780a91c210c2c/images/7ae7d788-8b12-45f7-8fb9-23ce6cfaa7ac", "rel": "bookmark"}]}, "OS-EXT-STS:task_state": null, "OS-EXT-STS:vm_state": "active", "OS-SRV-USG:launched_at": "2015-10-23T12:31:40.000000", "flavor": {"id": "d2e0cd62-fe1c-41d3-890c-27cad5e45bcd", "links": [{"href": "http://tddv-dlyse-openstack.eolas-services.com:8774/f07c410b42114fada3b780a91c210c2c/flavors/d2e0cd62-fe1c-41d3-890c-27cad5e45bcd", "rel": "bookmark"}]}, "id": "c0011584-a384-4ca4-a0ea-e7b883d2cb90", "security_groups": [{"name": "default"}], "OS-SRV-USG:terminated_at": null, "OS-EXT-AZ:availability_zone": "nova", "user_id": "4d598f69fdd140d4ba87d311656bb4c0", "name": "another_testingVM", "created": "2015-10-23T12:31:32Z", "tenant_id": "f07c410b42114fada3b780a91c210c2c", "OS-DCF:diskConfig": "MANUAL", "os-extended-volumes:volumes_attached": [], "accessIPv4": "", "accessIPv6": "", "progress": 0, "OS-EXT-STS:power_state": 1, "config_drive": "", "metadata": {}}, {"status": "ACTIVE", "updated": "2015-10-23T11:04:23Z", "hostId": "e68acdd4a993707a4e11fe9a86e47552c58aaf190f95c9b7b089e76c", "addresses": {"datalyse-net": [{"OS-EXT-IPS-MAC:mac_addr": "fa:16:3e:af:36:35", "version": 4, "addr": "10.67.24.250", "OS-EXT-IPS:type": "fixed"}]}, "links": [{"href": "http://tddv-dlyse-openstack.eolas-services.com:8774/v2/f07c410b42114fada3b780a91c210c2c/servers/ec26f7f4-6289-489f-82cb-dfe18324609b", "rel": "self"}, {"href": "http://tddv-dlyse-openstack.eolas-services.com:8774/f07c410b42114fada3b780a91c210c2c/servers/ec26f7f4-6289-489f-82cb-dfe18324609b", "rel": "bookmark"}], "key_name": "lalos", "image": {"id": "7ae7d788-8b12-45f7-8fb9-23ce6cfaa7ac", "links": [{"href": "http://tddv-dlyse-openstack.eolas-services.com:8774/f07c410b42114fada3b780a91c210c2c/images/7ae7d788-8b12-45f7-8fb9-23ce6cfaa7ac", "rel": "bookmark"}]}, "OS-EXT-STS:task_state": null, "OS-EXT-STS:vm_state": "active", "OS-SRV-USG:launched_at": "2015-10-23T11:04:23.000000", "flavor": {"id": "d2e0cd62-fe1c-41d3-890c-27cad5e45bcd", "links": [{"href": "http://tddv-dlyse-openstack.eolas-services.com:8774/f07c410b42114fada3b780a91c210c2c/flavors/d2e0cd62-fe1c-41d3-890c-27cad5e45bcd", "rel": "bookmark"}]}, "id": "ec26f7f4-6289-489f-82cb-dfe18324609b", "security_groups": [{"name": "default"}], "OS-SRV-USG:terminated_at": null, "OS-EXT-AZ:availability_zone": "nova", "user_id": "4d598f69fdd140d4ba87d311656bb4c0", "name": "another_testingVM", "created": "2015-10-23T11:04:15Z", "tenant_id": "f07c410b42114fada3b780a91c210c2c", "OS-DCF:diskConfig": "MANUAL", "os-extended-volumes:volumes_attached": [], "accessIPv4": "", "accessIPv6": "", "progress": 0, "OS-EXT-STS:power_state": 1, "config_drive": "", "metadata": {}}, {"status": "ACTIVE", "updated": "2015-09-04T13:43:51Z", "hostId": "e68acdd4a993707a4e11fe9a86e47552c58aaf190f95c9b7b089e76c", "addresses": {"datalyse-net": [{"OS-EXT-IPS-MAC:mac_addr": "fa:16:3e:6c:f2:bb", "version": 4, "addr": "10.67.24.209", "OS-EXT-IPS:type": "fixed"}, {"OS-EXT-IPS-MAC:mac_addr": "fa:16:3e:6c:f2:bb", "version": 4, "addr": "10.67.29.14", "OS-EXT-IPS:type": "floating"}]}, "links": [{"href": "http://tddv-dlyse-openstack.eolas-services.com:8774/v2/f07c410b42114fada3b780a91c210c2c/servers/3164aa59-57a5-4ce6-8faf-1c6104b63911", "rel": "self"}, {"href": "http://tddv-dlyse-openstack.eolas-services.com:8774/f07c410b42114fada3b780a91c210c2c/servers/3164aa59-57a5-4ce6-8faf-1c6104b63911", "rel": "bookmark"}], "key_name": "lalos", "image": {"id": "7ae7d788-8b12-45f7-8fb9-23ce6cfaa7ac", "links": [{"href": "http://tddv-dlyse-openstack.eolas-services.com:8774/f07c410b42114fada3b780a91c210c2c/images/7ae7d788-8b12-45f7-8fb9-23ce6cfaa7ac", "rel": "bookmark"}]}, "OS-EXT-STS:task_state": null, "OS-EXT-STS:vm_state": "active", "OS-SRV-USG:launched_at": "2015-09-04T13:43:51.000000", "flavor": {"id": "d2e0cd62-fe1c-41d3-890c-27cad5e45bcd", "links": [{"href": "http://tddv-dlyse-openstack.eolas-services.com:8774/f07c410b42114fada3b780a91c210c2c/flavors/d2e0cd62-fe1c-41d3-890c-27cad5e45bcd", "rel": "bookmark"}]}, "id": "3164aa59-57a5-4ce6-8faf-1c6104b63911", "security_groups": [{"name": "default"}], "OS-SRV-USG:terminated_at": null, "OS-EXT-AZ:availability_zone": "nova", "user_id": "4d598f69fdd140d4ba87d311656bb4c0", "name": "ermis_test_vm", "created": "2015-09-04T13:43:42Z", "tenant_id": "f07c410b42114fada3b780a91c210c2c", "OS-DCF:diskConfig": "MANUAL", "os-extended-volumes:volumes_attached": [], "accessIPv4": "", "accessIPv6": "", "progress": 0, "OS-EXT-STS:power_state": 1, "config_drive": "", "metadata": {}}]}

2015-10-23 15:01:26 INFO  os:135 - 5 * LoggingFilter - Request received on thread sampleActorSystem-akka.actor.default-dispatcher-4
5 > GET http://tddv-dlyse-openstack.eolas-services.com:8774/v2/f07c410b42114fada3b780a91c210c2c/images/detail
5 > X-Auth-Token: bb1650d37f6545edbb7b013335b8e1c3
5 > Accept: application/json

2015-10-23 15:01:27 INFO  os:135 - 6 * LoggingFilter - Response received on thread sampleActorSystem-akka.actor.default-dispatcher-4
6 < 200
6 < Date: Fri, 23 Oct 2015 13:00:54 GMT
6 < Content-Length: 1674
6 < Connection: keep-alive
6 < Content-Type: application/json
6 < X-Compute-Request-Id: req-221c00ff-2d41-486e-82c4-a963380c4e9c
{"images": [{"status": "ACTIVE", "updated": "2015-03-12T08:46:08Z", "links": [{"href": "http://tddv-dlyse-openstack.eolas-services.com:8774/v2/f07c410b42114fada3b780a91c210c2c/images/7ae7d788-8b12-45f7-8fb9-23ce6cfaa7ac", "rel": "self"}, {"href": "http://tddv-dlyse-openstack.eolas-services.com:8774/f07c410b42114fada3b780a91c210c2c/images/7ae7d788-8b12-45f7-8fb9-23ce6cfaa7ac", "rel": "bookmark"}, {"href": "http://tddv-dlyse-openstack:9292/f07c410b42114fada3b780a91c210c2c/images/7ae7d788-8b12-45f7-8fb9-23ce6cfaa7ac", "type": "application/vnd.openstack.image", "rel": "alternate"}], "id": "7ae7d788-8b12-45f7-8fb9-23ce6cfaa7ac", "OS-EXT-IMG-SIZE:size": 256573952, "name": "Ubuntu 14.04.2 LTS", "created": "2015-03-12T08:42:54Z", "minDisk": 5, "progress": 100, "minRam": 256, "metadata": {"architecture": "x86_64", "description": "Ubuntu 14.04.2 LTS (Trusty Tahr) Daily Build [20150309]"}}, {"status": "ACTIVE", "updated": "2015-01-21T11:00:46Z", "links": [{"href": "http://tddv-dlyse-openstack.eolas-services.com:8774/v2/f07c410b42114fada3b780a91c210c2c/images/b6792bd8-328b-4845-b9e4-492d369d56f6", "rel": "self"}, {"href": "http://tddv-dlyse-openstack.eolas-services.com:8774/f07c410b42114fada3b780a91c210c2c/images/b6792bd8-328b-4845-b9e4-492d369d56f6", "rel": "bookmark"}, {"href": "http://tddv-dlyse-openstack:9292/f07c410b42114fada3b780a91c210c2c/images/b6792bd8-328b-4845-b9e4-492d369d56f6", "type": "application/vnd.openstack.image", "rel": "alternate"}], "id": "b6792bd8-328b-4845-b9e4-492d369d56f6", "OS-EXT-IMG-SIZE:size": 13200896, "name": "cirros-0.3.3-x86_64", "created": "2015-01-21T11:00:45Z", "minDisk": 0, "progress": 100, "minRam": 0, "metadata": {}}]}

2015-10-23 15:01:51 INFO  os:135 - 7 * LoggingFilter - Request received on thread sampleActorSystem-akka.actor.default-dispatcher-3
7 > GET http://tddv-dlyse-openstack.eolas-services.com:8774/v2/f07c410b42114fada3b780a91c210c2c/flavors/detail
7 > X-Auth-Token: bb1650d37f6545edbb7b013335b8e1c3
7 > Accept: application/json

2015-10-23 15:01:52 INFO  os:135 - 8 * LoggingFilter - Response received on thread sampleActorSystem-akka.actor.default-dispatcher-3
8 < 200
8 < Date: Fri, 23 Oct 2015 13:01:19 GMT
8 < Content-Length: 2905
8 < Connection: keep-alive
8 < Content-Type: application/json
8 < X-Compute-Request-Id: req-cad65a8c-324a-4b84-a444-3ea149defd5f
{"flavors": [{"name": "dlyse.medium", "links": [{"href": "http://tddv-dlyse-openstack.eolas-services.com:8774/v2/f07c410b42114fada3b780a91c210c2c/flavors/1cea0ce5-fa84-45f1-aafd-551aafe55984", "rel": "self"}, {"href": "http://tddv-dlyse-openstack.eolas-services.com:8774/f07c410b42114fada3b780a91c210c2c/flavors/1cea0ce5-fa84-45f1-aafd-551aafe55984", "rel": "bookmark"}], "ram": 4096, "OS-FLV-DISABLED:disabled": false, "vcpus": 2, "swap": "", "os-flavor-access:is_public": false, "rxtx_factor": 1.0, "OS-FLV-EXT-DATA:ephemeral": 0, "disk": 20, "id": "1cea0ce5-fa84-45f1-aafd-551aafe55984"}, {"name": "dlyse.xlarge", "links": [{"href": "http://tddv-dlyse-openstack.eolas-services.com:8774/v2/f07c410b42114fada3b780a91c210c2c/flavors/4e7810aa-8496-43fe-9796-7f8f83e76dd2", "rel": "self"}, {"href": "http://tddv-dlyse-openstack.eolas-services.com:8774/f07c410b42114fada3b780a91c210c2c/flavors/4e7810aa-8496-43fe-9796-7f8f83e76dd2", "rel": "bookmark"}], "ram": 16384, "OS-FLV-DISABLED:disabled": false, "vcpus": 8, "swap": "", "os-flavor-access:is_public": false, "rxtx_factor": 1.0, "OS-FLV-EXT-DATA:ephemeral": 0, "disk": 20, "id": "4e7810aa-8496-43fe-9796-7f8f83e76dd2"}, {"name": "dlyse.large", "links": [{"href": "http://tddv-dlyse-openstack.eolas-services.com:8774/v2/f07c410b42114fada3b780a91c210c2c/flavors/7611b8b1-9415-4a8c-9735-0b4fe09d9fe5", "rel": "self"}, {"href": "http://tddv-dlyse-openstack.eolas-services.com:8774/f07c410b42114fada3b780a91c210c2c/flavors/7611b8b1-9415-4a8c-9735-0b4fe09d9fe5", "rel": "bookmark"}], "ram": 8192, "OS-FLV-DISABLED:disabled": false, "vcpus": 4, "swap": "", "os-flavor-access:is_public": false, "rxtx_factor": 1.0, "OS-FLV-EXT-DATA:ephemeral": 0, "disk": 20, "id": "7611b8b1-9415-4a8c-9735-0b4fe09d9fe5"}, {"name": "dlyse.small", "links": [{"href": "http://tddv-dlyse-openstack.eolas-services.com:8774/v2/f07c410b42114fada3b780a91c210c2c/flavors/d2e0cd62-fe1c-41d3-890c-27cad5e45bcd", "rel": "self"}, {"href": "http://tddv-dlyse-openstack.eolas-services.com:8774/f07c410b42114fada3b780a91c210c2c/flavors/d2e0cd62-fe1c-41d3-890c-27cad5e45bcd", "rel": "bookmark"}], "ram": 2048, "OS-FLV-DISABLED:disabled": false, "vcpus": 1, "swap": "", "os-flavor-access:is_public": false, "rxtx_factor": 1.0, "OS-FLV-EXT-DATA:ephemeral": 0, "disk": 10, "id": "d2e0cd62-fe1c-41d3-890c-27cad5e45bcd"}, {"name": "dlyse.tiny", "links": [{"href": "http://tddv-dlyse-openstack.eolas-services.com:8774/v2/f07c410b42114fada3b780a91c210c2c/flavors/e512a999-9b29-4af1-8afb-8dee4dd93e53", "rel": "self"}, {"href": "http://tddv-dlyse-openstack.eolas-services.com:8774/f07c410b42114fada3b780a91c210c2c/flavors/e512a999-9b29-4af1-8afb-8dee4dd93e53", "rel": "bookmark"}], "ram": 1024, "OS-FLV-DISABLED:disabled": false, "vcpus": 1, "swap": "", "os-flavor-access:is_public": false, "rxtx_factor": 1.0, "OS-FLV-EXT-DATA:ephemeral": 0, "disk": 10, "id": "e512a999-9b29-4af1-8afb-8dee4dd93e53"}]}

2015-10-23 15:02:00 INFO  os:135 - 9 * LoggingFilter - Request received on thread sampleActorSystem-akka.actor.default-dispatcher-3
9 > GET http://tddv-dlyse-openstack.eolas-services.com:8774/v2/f07c410b42114fada3b780a91c210c2c/os-keypairs
9 > X-Auth-Token: bb1650d37f6545edbb7b013335b8e1c3
9 > Accept: application/json

2015-10-23 15:02:01 INFO  os:135 - 10 * LoggingFilter - Response received on thread sampleActorSystem-akka.actor.default-dispatcher-3
10 < 200
10 < Date: Fri, 23 Oct 2015 13:01:28 GMT
10 < Content-Length: 1583
10 < Connection: keep-alive
10 < Content-Type: application/json
10 < X-Compute-Request-Id: req-f9c71d0e-c76e-455a-84dd-571a5e62b1f9
{"keypairs": [{"keypair": {"public_key": "ssh-rsa AAAAB3NzaC1yc2EAAAADAQABAAABAQD0D1ztd12EgBe76/WGT/O3NL1NbWevZj8/1XyiPg+rAU6osNU6PUlDUhbVpW7m5mqFQ928+rFb8uvu4uakaJDfWeNz1CUNOYxMeNm0z9KXMrvs0qWvEqfz2YVYM8LgBSDJ74dv6P1nekcTD/36hr9fAhDY2B5Bh8cAiyFqMRnYRYs3j2fU540jNqfw/cuaoLixKxz/H6GLRHw/ygsRTSLBXjeC99exPXLmB6ULVGdg7r84Gijqn2XnEgFbL3EVePurpmjdlkIY7GWd6xTbF+SOiQiLZNVuKXoEuVEHKrgQLmKqYoqQ0aYCo7rFXviE7PncdiWNdTJt1OQ+fbbw+40B Generated-by-Nova\n", "name": "krikava", "fingerprint": "f9:2a:09:86:02:65:ea:ff:bb:98:e8:8e:74:61:c3:81"}}, {"keypair": {"public_key": "ssh-rsa AAAAB3NzaC1yc2EAAAADAQABAAABAQCpsAO13TPBisLrB6/57F4jLcf5MV8uwU77YSLK39t+uk0vJ30qH4RtQQgCqEbYSnWM/TbBgDI9lzTYmbzckVfVuggJu68ptCEcOZB+ngn5l+aG1Izep5MteeEi5hRF/yD9aGIFoiZeeJlq59Aff7VYEMZYBF4HNo0JiWqZQq/TREmGor4sRTl3FCOXG8zGlNnq1rxOEECLW0J+tqXUgBuRa0s3RIJrXsgwd20C1zDI076sSThQhTUhb/iB7Gt3U7lSTQ/F76Zq1YLUXHUj4MX1sHHr+zg6Y+JufHwMl0PcsnaV04nWaFTJNuNOJohDVEq+nw3ZQZilKAYOMvElurcl spirals@193-51-236-73.lille.inria.fr", "name": "ZHANGBo", "fingerprint": "41:72:ba:bd:67:a6:61:53:38:37:70:ce:29:32:fa:8a"}}, {"keypair": {"public_key": "ssh-rsa AAAAB3NzaC1yc2EAAAADAQABAAABAQDuL0vW+E0lJGp2NqEfo2DbbfKHEDdXPFOpU+KgIxS+5TCOxXkiBAYXJxQTBArkEwYB+l1xSYLkq6NykwEKXyBbNuczchkUQWm4IbFagTX9ztRSFQF13xQk6tkkVJ9kkz9qC48p1OQfygnRxN7BJZpIV76dr9Jh+gsCY02iRsGFa9toSsqOj2Xj/Q2FEP8fBsXj0mrD5Ni65K1TbC12fv+if7yi4H3X1t+1ddZwnm93LnHMiHuFKfrrFXS453tTq48yfXuuMQ/Hex3pVnlrTe2cKJW9NLz+Uwr6lIJ4DqFYcKYGwlAKzzoAwt/KaQO/hFJa9+RdNDNvHIXgi2Z5wbJB Generated-by-Nova\n", "name": "lalos", "fingerprint": "45:13:56:12:5c:32:d5:94:03:33:c2:42:e2:10:42:82"}}]}

2015-10-23 15:02:46 INFO  os:135 - 11 * LoggingFilter - Request received on thread sampleActorSystem-akka.actor.default-dispatcher-5
11 > GET http://tddv-dlyse-openstack.eolas-services.com:8774/v2/f07c410b42114fada3b780a91c210c2c/os-keypairs
11 > X-Auth-Token: bb1650d37f6545edbb7b013335b8e1c3
11 > Accept: application/json

2015-10-23 15:02:46 INFO  os:135 - 12 * LoggingFilter - Response received on thread sampleActorSystem-akka.actor.default-dispatcher-5
12 < 200
12 < Date: Fri, 23 Oct 2015 13:02:13 GMT
12 < Content-Length: 1583
12 < Connection: keep-alive
12 < Content-Type: application/json
12 < X-Compute-Request-Id: req-314756ef-af9f-48e1-9588-5a352c634ba4
{"keypairs": [{"keypair": {"public_key": "ssh-rsa AAAAB3NzaC1yc2EAAAADAQABAAABAQD0D1ztd12EgBe76/WGT/O3NL1NbWevZj8/1XyiPg+rAU6osNU6PUlDUhbVpW7m5mqFQ928+rFb8uvu4uakaJDfWeNz1CUNOYxMeNm0z9KXMrvs0qWvEqfz2YVYM8LgBSDJ74dv6P1nekcTD/36hr9fAhDY2B5Bh8cAiyFqMRnYRYs3j2fU540jNqfw/cuaoLixKxz/H6GLRHw/ygsRTSLBXjeC99exPXLmB6ULVGdg7r84Gijqn2XnEgFbL3EVePurpmjdlkIY7GWd6xTbF+SOiQiLZNVuKXoEuVEHKrgQLmKqYoqQ0aYCo7rFXviE7PncdiWNdTJt1OQ+fbbw+40B Generated-by-Nova\n", "name": "krikava", "fingerprint": "f9:2a:09:86:02:65:ea:ff:bb:98:e8:8e:74:61:c3:81"}}, {"keypair": {"public_key": "ssh-rsa AAAAB3NzaC1yc2EAAAADAQABAAABAQCpsAO13TPBisLrB6/57F4jLcf5MV8uwU77YSLK39t+uk0vJ30qH4RtQQgCqEbYSnWM/TbBgDI9lzTYmbzckVfVuggJu68ptCEcOZB+ngn5l+aG1Izep5MteeEi5hRF/yD9aGIFoiZeeJlq59Aff7VYEMZYBF4HNo0JiWqZQq/TREmGor4sRTl3FCOXG8zGlNnq1rxOEECLW0J+tqXUgBuRa0s3RIJrXsgwd20C1zDI076sSThQhTUhb/iB7Gt3U7lSTQ/F76Zq1YLUXHUj4MX1sHHr+zg6Y+JufHwMl0PcsnaV04nWaFTJNuNOJohDVEq+nw3ZQZilKAYOMvElurcl spirals@193-51-236-73.lille.inria.fr", "name": "ZHANGBo", "fingerprint": "41:72:ba:bd:67:a6:61:53:38:37:70:ce:29:32:fa:8a"}}, {"keypair": {"public_key": "ssh-rsa AAAAB3NzaC1yc2EAAAADAQABAAABAQDuL0vW+E0lJGp2NqEfo2DbbfKHEDdXPFOpU+KgIxS+5TCOxXkiBAYXJxQTBArkEwYB+l1xSYLkq6NykwEKXyBbNuczchkUQWm4IbFagTX9ztRSFQF13xQk6tkkVJ9kkz9qC48p1OQfygnRxN7BJZpIV76dr9Jh+gsCY02iRsGFa9toSsqOj2Xj/Q2FEP8fBsXj0mrD5Ni65K1TbC12fv+if7yi4H3X1t+1ddZwnm93LnHMiHuFKfrrFXS453tTq48yfXuuMQ/Hex3pVnlrTe2cKJW9NLz+Uwr6lIJ4DqFYcKYGwlAKzzoAwt/KaQO/hFJa9+RdNDNvHIXgi2Z5wbJB Generated-by-Nova\n", "name": "lalos", "fingerprint": "45:13:56:12:5c:32:d5:94:03:33:c2:42:e2:10:42:82"}}]}

2015-10-23 15:06:36 INFO  os:135 - 1 * LoggingFilter - Request received on thread sampleActorSystem-akka.actor.default-dispatcher-3
1 > POST http://tddv-dlyse-openstack.eolas-services.com:5000/v2.0/tokens
1 > Accept: application/json
1 > Content-Type: application/json
{
  "auth" : {
    "tenantName" : "datalyse",
    "passwordCredentials" : {
      "username" : "datalyse",
      "password" : "******"
    }
  }
}

2015-10-23 15:06:36 INFO  os:135 - 2 * LoggingFilter - Response received on thread sampleActorSystem-akka.actor.default-dispatcher-3
2 < 200
2 < Date: Fri, 23 Oct 2015 13:06:03 GMT
2 < Vary: X-Auth-Token
2 < Content-Length: 3078
2 < X-Distribution: Ubuntu
2 < Connection: keep-alive
2 < Content-Type: application/json
{"access": {"token": {"issued_at": "2015-10-23T13:06:03.876938", "expires": "2015-10-23T14:06:03Z", "id": "d2c8eb4b2cad4c75841b375e0c6f48cb", "tenant": {"description": "Datalyse Tenant", "enabled": true, "id": "f07c410b42114fada3b780a91c210c2c", "name": "datalyse"}, "audit_ids": ["xWGB3iqbTbiVwnrMheNdUQ"]}, "serviceCatalog": [{"endpoints": [{"adminURL": "http://tddv-dlyse-openstack:8774/v2/f07c410b42114fada3b780a91c210c2c", "region": "regionOne", "internalURL": "http://tddv-dlyse-openstack:8774/v2/f07c410b42114fada3b780a91c210c2c", "id": "50ed0f57fb074657941866d3e20767d1", "publicURL": "http://tddv-dlyse-openstack.eolas-services.com:8774/v2/f07c410b42114fada3b780a91c210c2c"}], "endpoints_links": [], "type": "compute", "name": "nova"}, {"endpoints": [{"adminURL": "http://tddv-dlyse-openstack:9696", "region": "regionOne", "internalURL": "http://tddv-dlyse-openstack:9696", "id": "21f7bca031924694972058525b1eb266", "publicURL": "http://tddv-dlyse-openstack.eolas-services.com:9696"}], "endpoints_links": [], "type": "network", "name": "neutron"}, {"endpoints": [{"adminURL": "http://tddv-dlyse-openstack:8776/v2/f07c410b42114fada3b780a91c210c2c", "region": "regionOne", "internalURL": "http://tddv-dlyse-openstack:8776/v2/f07c410b42114fada3b780a91c210c2c", "id": "89d4b962e5b44902a5fbad7e2f319cb6", "publicURL": "http://tddv-dlyse-openstack.eolas-services.com:8776/v2/f07c410b42114fada3b780a91c210c2c"}], "endpoints_links": [], "type": "volumev2", "name": "cinderv2"}, {"endpoints": [{"adminURL": "http://tddv-dlyse-openstack:9292", "region": "regionOne", "internalURL": "http://tddv-dlyse-openstack:9292", "id": "97c897fa9517404581bcc4726ff8e472", "publicURL": "http://tddv-dlyse-openstack.eolas-services.com:9292"}], "endpoints_links": [], "type": "image", "name": "glance"}, {"endpoints": [{"adminURL": "http://tddv-dlyse-openstack:8777", "region": "regionOne", "internalURL": "http://tddv-dlyse-openstack:8777", "id": "0d609e7c77874fbc9ed1f094dab7c565", "publicURL": "http://tddv-dlyse-openstack.eolas-services.com:8777 "}], "endpoints_links": [], "type": "metering", "name": "ceilometer"}, {"endpoints": [{"adminURL": "http://tddv-dlyse-openstack:8776/v1/f07c410b42114fada3b780a91c210c2c", "region": "regionOne", "internalURL": "http://tddv-dlyse-openstack:8776/v1/f07c410b42114fada3b780a91c210c2c", "id": "50522c125bb6419ab4833cee190d3ec0", "publicURL": "http://tddv-dlyse-openstack.eolas-services.com:8776/v1/f07c410b42114fada3b780a91c210c2c"}], "endpoints_links": [], "type": "volume", "name": "cinder"}, {"endpoints": [{"adminURL": "http://tddv-dlyse-openstack:35357/v2.0", "region": "regionOne", "internalURL": "http://tddv-dlyse-openstack:5000/v2.0", "id": "06de68b995a5428bb446f3cba698fad9", "publicURL": "http://tddv-dlyse-openstack.eolas-services.com:5000/v2.0"}], "endpoints_links": [], "type": "identity", "name": "keystone"}], "user": {"username": "datalyse", "roles_links": [], "id": "4d598f69fdd140d4ba87d311656bb4c0", "roles": [{"name": "_member_"}], "name": "datalyse"}, "metadata": {"is_admin": 0, "roles": ["9fe2ff9ee4384b1894a90878d3e92bab"]}}}

2015-10-23 15:06:36 INFO  os:135 - 3 * LoggingFilter - Request received on thread sampleActorSystem-akka.actor.default-dispatcher-3
3 > GET http://tddv-dlyse-openstack.eolas-services.com:8774/v2/f07c410b42114fada3b780a91c210c2c/servers/detail
3 > X-Auth-Token: d2c8eb4b2cad4c75841b375e0c6f48cb
3 > Accept: application/json

2015-10-23 15:06:36 INFO  os:135 - 4 * LoggingFilter - Response received on thread sampleActorSystem-akka.actor.default-dispatcher-3
4 < 200
4 < Date: Fri, 23 Oct 2015 13:06:04 GMT
4 < Content-Length: 5296
4 < Connection: keep-alive
4 < Content-Type: application/json
4 < X-Compute-Request-Id: req-f17eeab8-62e5-439f-bc88-a9199c159d0f
{"servers": [{"status": "ACTIVE", "updated": "2015-10-23T12:31:41Z", "hostId": "e68acdd4a993707a4e11fe9a86e47552c58aaf190f95c9b7b089e76c", "addresses": {"datalyse-net": [{"OS-EXT-IPS-MAC:mac_addr": "fa:16:3e:b3:35:00", "version": 4, "addr": "10.67.24.100", "OS-EXT-IPS:type": "fixed"}]}, "links": [{"href": "http://tddv-dlyse-openstack.eolas-services.com:8774/v2/f07c410b42114fada3b780a91c210c2c/servers/c0011584-a384-4ca4-a0ea-e7b883d2cb90", "rel": "self"}, {"href": "http://tddv-dlyse-openstack.eolas-services.com:8774/f07c410b42114fada3b780a91c210c2c/servers/c0011584-a384-4ca4-a0ea-e7b883d2cb90", "rel": "bookmark"}], "key_name": "lalos", "image": {"id": "7ae7d788-8b12-45f7-8fb9-23ce6cfaa7ac", "links": [{"href": "http://tddv-dlyse-openstack.eolas-services.com:8774/f07c410b42114fada3b780a91c210c2c/images/7ae7d788-8b12-45f7-8fb9-23ce6cfaa7ac", "rel": "bookmark"}]}, "OS-EXT-STS:task_state": null, "OS-EXT-STS:vm_state": "active", "OS-SRV-USG:launched_at": "2015-10-23T12:31:40.000000", "flavor": {"id": "d2e0cd62-fe1c-41d3-890c-27cad5e45bcd", "links": [{"href": "http://tddv-dlyse-openstack.eolas-services.com:8774/f07c410b42114fada3b780a91c210c2c/flavors/d2e0cd62-fe1c-41d3-890c-27cad5e45bcd", "rel": "bookmark"}]}, "id": "c0011584-a384-4ca4-a0ea-e7b883d2cb90", "security_groups": [{"name": "default"}], "OS-SRV-USG:terminated_at": null, "OS-EXT-AZ:availability_zone": "nova", "user_id": "4d598f69fdd140d4ba87d311656bb4c0", "name": "another_testingVM", "created": "2015-10-23T12:31:32Z", "tenant_id": "f07c410b42114fada3b780a91c210c2c", "OS-DCF:diskConfig": "MANUAL", "os-extended-volumes:volumes_attached": [], "accessIPv4": "", "accessIPv6": "", "progress": 0, "OS-EXT-STS:power_state": 1, "config_drive": "", "metadata": {}}, {"status": "ACTIVE", "updated": "2015-10-23T11:04:23Z", "hostId": "e68acdd4a993707a4e11fe9a86e47552c58aaf190f95c9b7b089e76c", "addresses": {"datalyse-net": [{"OS-EXT-IPS-MAC:mac_addr": "fa:16:3e:af:36:35", "version": 4, "addr": "10.67.24.250", "OS-EXT-IPS:type": "fixed"}]}, "links": [{"href": "http://tddv-dlyse-openstack.eolas-services.com:8774/v2/f07c410b42114fada3b780a91c210c2c/servers/ec26f7f4-6289-489f-82cb-dfe18324609b", "rel": "self"}, {"href": "http://tddv-dlyse-openstack.eolas-services.com:8774/f07c410b42114fada3b780a91c210c2c/servers/ec26f7f4-6289-489f-82cb-dfe18324609b", "rel": "bookmark"}], "key_name": "lalos", "image": {"id": "7ae7d788-8b12-45f7-8fb9-23ce6cfaa7ac", "links": [{"href": "http://tddv-dlyse-openstack.eolas-services.com:8774/f07c410b42114fada3b780a91c210c2c/images/7ae7d788-8b12-45f7-8fb9-23ce6cfaa7ac", "rel": "bookmark"}]}, "OS-EXT-STS:task_state": null, "OS-EXT-STS:vm_state": "active", "OS-SRV-USG:launched_at": "2015-10-23T11:04:23.000000", "flavor": {"id": "d2e0cd62-fe1c-41d3-890c-27cad5e45bcd", "links": [{"href": "http://tddv-dlyse-openstack.eolas-services.com:8774/f07c410b42114fada3b780a91c210c2c/flavors/d2e0cd62-fe1c-41d3-890c-27cad5e45bcd", "rel": "bookmark"}]}, "id": "ec26f7f4-6289-489f-82cb-dfe18324609b", "security_groups": [{"name": "default"}], "OS-SRV-USG:terminated_at": null, "OS-EXT-AZ:availability_zone": "nova", "user_id": "4d598f69fdd140d4ba87d311656bb4c0", "name": "another_testingVM", "created": "2015-10-23T11:04:15Z", "tenant_id": "f07c410b42114fada3b780a91c210c2c", "OS-DCF:diskConfig": "MANUAL", "os-extended-volumes:volumes_attached": [], "accessIPv4": "", "accessIPv6": "", "progress": 0, "OS-EXT-STS:power_state": 1, "config_drive": "", "metadata": {}}, {"status": "ACTIVE", "updated": "2015-09-04T13:43:51Z", "hostId": "e68acdd4a993707a4e11fe9a86e47552c58aaf190f95c9b7b089e76c", "addresses": {"datalyse-net": [{"OS-EXT-IPS-MAC:mac_addr": "fa:16:3e:6c:f2:bb", "version": 4, "addr": "10.67.24.209", "OS-EXT-IPS:type": "fixed"}, {"OS-EXT-IPS-MAC:mac_addr": "fa:16:3e:6c:f2:bb", "version": 4, "addr": "10.67.29.14", "OS-EXT-IPS:type": "floating"}]}, "links": [{"href": "http://tddv-dlyse-openstack.eolas-services.com:8774/v2/f07c410b42114fada3b780a91c210c2c/servers/3164aa59-57a5-4ce6-8faf-1c6104b63911", "rel": "self"}, {"href": "http://tddv-dlyse-openstack.eolas-services.com:8774/f07c410b42114fada3b780a91c210c2c/servers/3164aa59-57a5-4ce6-8faf-1c6104b63911", "rel": "bookmark"}], "key_name": "lalos", "image": {"id": "7ae7d788-8b12-45f7-8fb9-23ce6cfaa7ac", "links": [{"href": "http://tddv-dlyse-openstack.eolas-services.com:8774/f07c410b42114fada3b780a91c210c2c/images/7ae7d788-8b12-45f7-8fb9-23ce6cfaa7ac", "rel": "bookmark"}]}, "OS-EXT-STS:task_state": null, "OS-EXT-STS:vm_state": "active", "OS-SRV-USG:launched_at": "2015-09-04T13:43:51.000000", "flavor": {"id": "d2e0cd62-fe1c-41d3-890c-27cad5e45bcd", "links": [{"href": "http://tddv-dlyse-openstack.eolas-services.com:8774/f07c410b42114fada3b780a91c210c2c/flavors/d2e0cd62-fe1c-41d3-890c-27cad5e45bcd", "rel": "bookmark"}]}, "id": "3164aa59-57a5-4ce6-8faf-1c6104b63911", "security_groups": [{"name": "default"}], "OS-SRV-USG:terminated_at": null, "OS-EXT-AZ:availability_zone": "nova", "user_id": "4d598f69fdd140d4ba87d311656bb4c0", "name": "ermis_test_vm", "created": "2015-09-04T13:43:42Z", "tenant_id": "f07c410b42114fada3b780a91c210c2c", "OS-DCF:diskConfig": "MANUAL", "os-extended-volumes:volumes_attached": [], "accessIPv4": "", "accessIPv6": "", "progress": 0, "OS-EXT-STS:power_state": 1, "config_drive": "", "metadata": {}}]}

2015-10-23 15:06:41 INFO  os:135 - 5 * LoggingFilter - Request received on thread sampleActorSystem-akka.actor.default-dispatcher-4
5 > GET http://tddv-dlyse-openstack.eolas-services.com:8774/v2/f07c410b42114fada3b780a91c210c2c/flavors/detail
5 > X-Auth-Token: d2c8eb4b2cad4c75841b375e0c6f48cb
5 > Accept: application/json

2015-10-23 15:06:41 INFO  os:135 - 6 * LoggingFilter - Response received on thread sampleActorSystem-akka.actor.default-dispatcher-4
6 < 200
6 < Date: Fri, 23 Oct 2015 13:06:08 GMT
6 < Content-Length: 2905
6 < Connection: keep-alive
6 < Content-Type: application/json
6 < X-Compute-Request-Id: req-a7d71c8f-7052-4e61-a8da-f45ce0f882ae
{"flavors": [{"name": "dlyse.medium", "links": [{"href": "http://tddv-dlyse-openstack.eolas-services.com:8774/v2/f07c410b42114fada3b780a91c210c2c/flavors/1cea0ce5-fa84-45f1-aafd-551aafe55984", "rel": "self"}, {"href": "http://tddv-dlyse-openstack.eolas-services.com:8774/f07c410b42114fada3b780a91c210c2c/flavors/1cea0ce5-fa84-45f1-aafd-551aafe55984", "rel": "bookmark"}], "ram": 4096, "OS-FLV-DISABLED:disabled": false, "vcpus": 2, "swap": "", "os-flavor-access:is_public": false, "rxtx_factor": 1.0, "OS-FLV-EXT-DATA:ephemeral": 0, "disk": 20, "id": "1cea0ce5-fa84-45f1-aafd-551aafe55984"}, {"name": "dlyse.xlarge", "links": [{"href": "http://tddv-dlyse-openstack.eolas-services.com:8774/v2/f07c410b42114fada3b780a91c210c2c/flavors/4e7810aa-8496-43fe-9796-7f8f83e76dd2", "rel": "self"}, {"href": "http://tddv-dlyse-openstack.eolas-services.com:8774/f07c410b42114fada3b780a91c210c2c/flavors/4e7810aa-8496-43fe-9796-7f8f83e76dd2", "rel": "bookmark"}], "ram": 16384, "OS-FLV-DISABLED:disabled": false, "vcpus": 8, "swap": "", "os-flavor-access:is_public": false, "rxtx_factor": 1.0, "OS-FLV-EXT-DATA:ephemeral": 0, "disk": 20, "id": "4e7810aa-8496-43fe-9796-7f8f83e76dd2"}, {"name": "dlyse.large", "links": [{"href": "http://tddv-dlyse-openstack.eolas-services.com:8774/v2/f07c410b42114fada3b780a91c210c2c/flavors/7611b8b1-9415-4a8c-9735-0b4fe09d9fe5", "rel": "self"}, {"href": "http://tddv-dlyse-openstack.eolas-services.com:8774/f07c410b42114fada3b780a91c210c2c/flavors/7611b8b1-9415-4a8c-9735-0b4fe09d9fe5", "rel": "bookmark"}], "ram": 8192, "OS-FLV-DISABLED:disabled": false, "vcpus": 4, "swap": "", "os-flavor-access:is_public": false, "rxtx_factor": 1.0, "OS-FLV-EXT-DATA:ephemeral": 0, "disk": 20, "id": "7611b8b1-9415-4a8c-9735-0b4fe09d9fe5"}, {"name": "dlyse.small", "links": [{"href": "http://tddv-dlyse-openstack.eolas-services.com:8774/v2/f07c410b42114fada3b780a91c210c2c/flavors/d2e0cd62-fe1c-41d3-890c-27cad5e45bcd", "rel": "self"}, {"href": "http://tddv-dlyse-openstack.eolas-services.com:8774/f07c410b42114fada3b780a91c210c2c/flavors/d2e0cd62-fe1c-41d3-890c-27cad5e45bcd", "rel": "bookmark"}], "ram": 2048, "OS-FLV-DISABLED:disabled": false, "vcpus": 1, "swap": "", "os-flavor-access:is_public": false, "rxtx_factor": 1.0, "OS-FLV-EXT-DATA:ephemeral": 0, "disk": 10, "id": "d2e0cd62-fe1c-41d3-890c-27cad5e45bcd"}, {"name": "dlyse.tiny", "links": [{"href": "http://tddv-dlyse-openstack.eolas-services.com:8774/v2/f07c410b42114fada3b780a91c210c2c/flavors/e512a999-9b29-4af1-8afb-8dee4dd93e53", "rel": "self"}, {"href": "http://tddv-dlyse-openstack.eolas-services.com:8774/f07c410b42114fada3b780a91c210c2c/flavors/e512a999-9b29-4af1-8afb-8dee4dd93e53", "rel": "bookmark"}], "ram": 1024, "OS-FLV-DISABLED:disabled": false, "vcpus": 1, "swap": "", "os-flavor-access:is_public": false, "rxtx_factor": 1.0, "OS-FLV-EXT-DATA:ephemeral": 0, "disk": 10, "id": "e512a999-9b29-4af1-8afb-8dee4dd93e53"}]}

2015-10-23 15:06:48 INFO  os:135 - 7 * LoggingFilter - Request received on thread sampleActorSystem-akka.actor.default-dispatcher-4
7 > GET http://tddv-dlyse-openstack.eolas-services.com:8774/v2/f07c410b42114fada3b780a91c210c2c/servers/detail
7 > X-Auth-Token: d2c8eb4b2cad4c75841b375e0c6f48cb
7 > Accept: application/json

2015-10-23 15:06:48 INFO  os:135 - 8 * LoggingFilter - Response received on thread sampleActorSystem-akka.actor.default-dispatcher-4
8 < 200
8 < Date: Fri, 23 Oct 2015 13:06:16 GMT
8 < Content-Length: 5296
8 < Connection: keep-alive
8 < Content-Type: application/json
8 < X-Compute-Request-Id: req-3ba5d4e5-3714-460c-a25b-43578e417c83
{"servers": [{"status": "ACTIVE", "updated": "2015-10-23T12:31:41Z", "hostId": "e68acdd4a993707a4e11fe9a86e47552c58aaf190f95c9b7b089e76c", "addresses": {"datalyse-net": [{"OS-EXT-IPS-MAC:mac_addr": "fa:16:3e:b3:35:00", "version": 4, "addr": "10.67.24.100", "OS-EXT-IPS:type": "fixed"}]}, "links": [{"href": "http://tddv-dlyse-openstack.eolas-services.com:8774/v2/f07c410b42114fada3b780a91c210c2c/servers/c0011584-a384-4ca4-a0ea-e7b883d2cb90", "rel": "self"}, {"href": "http://tddv-dlyse-openstack.eolas-services.com:8774/f07c410b42114fada3b780a91c210c2c/servers/c0011584-a384-4ca4-a0ea-e7b883d2cb90", "rel": "bookmark"}], "key_name": "lalos", "image": {"id": "7ae7d788-8b12-45f7-8fb9-23ce6cfaa7ac", "links": [{"href": "http://tddv-dlyse-openstack.eolas-services.com:8774/f07c410b42114fada3b780a91c210c2c/images/7ae7d788-8b12-45f7-8fb9-23ce6cfaa7ac", "rel": "bookmark"}]}, "OS-EXT-STS:task_state": null, "OS-EXT-STS:vm_state": "active", "OS-SRV-USG:launched_at": "2015-10-23T12:31:40.000000", "flavor": {"id": "d2e0cd62-fe1c-41d3-890c-27cad5e45bcd", "links": [{"href": "http://tddv-dlyse-openstack.eolas-services.com:8774/f07c410b42114fada3b780a91c210c2c/flavors/d2e0cd62-fe1c-41d3-890c-27cad5e45bcd", "rel": "bookmark"}]}, "id": "c0011584-a384-4ca4-a0ea-e7b883d2cb90", "security_groups": [{"name": "default"}], "OS-SRV-USG:terminated_at": null, "OS-EXT-AZ:availability_zone": "nova", "user_id": "4d598f69fdd140d4ba87d311656bb4c0", "name": "another_testingVM", "created": "2015-10-23T12:31:32Z", "tenant_id": "f07c410b42114fada3b780a91c210c2c", "OS-DCF:diskConfig": "MANUAL", "os-extended-volumes:volumes_attached": [], "accessIPv4": "", "accessIPv6": "", "progress": 0, "OS-EXT-STS:power_state": 1, "config_drive": "", "metadata": {}}, {"status": "ACTIVE", "updated": "2015-10-23T11:04:23Z", "hostId": "e68acdd4a993707a4e11fe9a86e47552c58aaf190f95c9b7b089e76c", "addresses": {"datalyse-net": [{"OS-EXT-IPS-MAC:mac_addr": "fa:16:3e:af:36:35", "version": 4, "addr": "10.67.24.250", "OS-EXT-IPS:type": "fixed"}]}, "links": [{"href": "http://tddv-dlyse-openstack.eolas-services.com:8774/v2/f07c410b42114fada3b780a91c210c2c/servers/ec26f7f4-6289-489f-82cb-dfe18324609b", "rel": "self"}, {"href": "http://tddv-dlyse-openstack.eolas-services.com:8774/f07c410b42114fada3b780a91c210c2c/servers/ec26f7f4-6289-489f-82cb-dfe18324609b", "rel": "bookmark"}], "key_name": "lalos", "image": {"id": "7ae7d788-8b12-45f7-8fb9-23ce6cfaa7ac", "links": [{"href": "http://tddv-dlyse-openstack.eolas-services.com:8774/f07c410b42114fada3b780a91c210c2c/images/7ae7d788-8b12-45f7-8fb9-23ce6cfaa7ac", "rel": "bookmark"}]}, "OS-EXT-STS:task_state": null, "OS-EXT-STS:vm_state": "active", "OS-SRV-USG:launched_at": "2015-10-23T11:04:23.000000", "flavor": {"id": "d2e0cd62-fe1c-41d3-890c-27cad5e45bcd", "links": [{"href": "http://tddv-dlyse-openstack.eolas-services.com:8774/f07c410b42114fada3b780a91c210c2c/flavors/d2e0cd62-fe1c-41d3-890c-27cad5e45bcd", "rel": "bookmark"}]}, "id": "ec26f7f4-6289-489f-82cb-dfe18324609b", "security_groups": [{"name": "default"}], "OS-SRV-USG:terminated_at": null, "OS-EXT-AZ:availability_zone": "nova", "user_id": "4d598f69fdd140d4ba87d311656bb4c0", "name": "another_testingVM", "created": "2015-10-23T11:04:15Z", "tenant_id": "f07c410b42114fada3b780a91c210c2c", "OS-DCF:diskConfig": "MANUAL", "os-extended-volumes:volumes_attached": [], "accessIPv4": "", "accessIPv6": "", "progress": 0, "OS-EXT-STS:power_state": 1, "config_drive": "", "metadata": {}}, {"status": "ACTIVE", "updated": "2015-09-04T13:43:51Z", "hostId": "e68acdd4a993707a4e11fe9a86e47552c58aaf190f95c9b7b089e76c", "addresses": {"datalyse-net": [{"OS-EXT-IPS-MAC:mac_addr": "fa:16:3e:6c:f2:bb", "version": 4, "addr": "10.67.24.209", "OS-EXT-IPS:type": "fixed"}, {"OS-EXT-IPS-MAC:mac_addr": "fa:16:3e:6c:f2:bb", "version": 4, "addr": "10.67.29.14", "OS-EXT-IPS:type": "floating"}]}, "links": [{"href": "http://tddv-dlyse-openstack.eolas-services.com:8774/v2/f07c410b42114fada3b780a91c210c2c/servers/3164aa59-57a5-4ce6-8faf-1c6104b63911", "rel": "self"}, {"href": "http://tddv-dlyse-openstack.eolas-services.com:8774/f07c410b42114fada3b780a91c210c2c/servers/3164aa59-57a5-4ce6-8faf-1c6104b63911", "rel": "bookmark"}], "key_name": "lalos", "image": {"id": "7ae7d788-8b12-45f7-8fb9-23ce6cfaa7ac", "links": [{"href": "http://tddv-dlyse-openstack.eolas-services.com:8774/f07c410b42114fada3b780a91c210c2c/images/7ae7d788-8b12-45f7-8fb9-23ce6cfaa7ac", "rel": "bookmark"}]}, "OS-EXT-STS:task_state": null, "OS-EXT-STS:vm_state": "active", "OS-SRV-USG:launched_at": "2015-09-04T13:43:51.000000", "flavor": {"id": "d2e0cd62-fe1c-41d3-890c-27cad5e45bcd", "links": [{"href": "http://tddv-dlyse-openstack.eolas-services.com:8774/f07c410b42114fada3b780a91c210c2c/flavors/d2e0cd62-fe1c-41d3-890c-27cad5e45bcd", "rel": "bookmark"}]}, "id": "3164aa59-57a5-4ce6-8faf-1c6104b63911", "security_groups": [{"name": "default"}], "OS-SRV-USG:terminated_at": null, "OS-EXT-AZ:availability_zone": "nova", "user_id": "4d598f69fdd140d4ba87d311656bb4c0", "name": "ermis_test_vm", "created": "2015-09-04T13:43:42Z", "tenant_id": "f07c410b42114fada3b780a91c210c2c", "OS-DCF:diskConfig": "MANUAL", "os-extended-volumes:volumes_attached": [], "accessIPv4": "", "accessIPv6": "", "progress": 0, "OS-EXT-STS:power_state": 1, "config_drive": "", "metadata": {}}]}

2015-10-23 15:06:58 INFO  os:135 - 9 * LoggingFilter - Request received on thread sampleActorSystem-akka.actor.default-dispatcher-4
9 > GET http://tddv-dlyse-openstack.eolas-services.com:8774/v2/f07c410b42114fada3b780a91c210c2c/images/detail
9 > X-Auth-Token: d2c8eb4b2cad4c75841b375e0c6f48cb
9 > Accept: application/json

2015-10-23 15:06:58 INFO  os:135 - 10 * LoggingFilter - Response received on thread sampleActorSystem-akka.actor.default-dispatcher-4
10 < 200
10 < Date: Fri, 23 Oct 2015 13:06:26 GMT
10 < Content-Length: 1674
10 < Connection: keep-alive
10 < Content-Type: application/json
10 < X-Compute-Request-Id: req-13b0c129-2283-44c9-a448-f3d80d856274
{"images": [{"status": "ACTIVE", "updated": "2015-03-12T08:46:08Z", "links": [{"href": "http://tddv-dlyse-openstack.eolas-services.com:8774/v2/f07c410b42114fada3b780a91c210c2c/images/7ae7d788-8b12-45f7-8fb9-23ce6cfaa7ac", "rel": "self"}, {"href": "http://tddv-dlyse-openstack.eolas-services.com:8774/f07c410b42114fada3b780a91c210c2c/images/7ae7d788-8b12-45f7-8fb9-23ce6cfaa7ac", "rel": "bookmark"}, {"href": "http://tddv-dlyse-openstack:9292/f07c410b42114fada3b780a91c210c2c/images/7ae7d788-8b12-45f7-8fb9-23ce6cfaa7ac", "type": "application/vnd.openstack.image", "rel": "alternate"}], "id": "7ae7d788-8b12-45f7-8fb9-23ce6cfaa7ac", "OS-EXT-IMG-SIZE:size": 256573952, "name": "Ubuntu 14.04.2 LTS", "created": "2015-03-12T08:42:54Z", "minDisk": 5, "progress": 100, "minRam": 256, "metadata": {"architecture": "x86_64", "description": "Ubuntu 14.04.2 LTS (Trusty Tahr) Daily Build [20150309]"}}, {"status": "ACTIVE", "updated": "2015-01-21T11:00:46Z", "links": [{"href": "http://tddv-dlyse-openstack.eolas-services.com:8774/v2/f07c410b42114fada3b780a91c210c2c/images/b6792bd8-328b-4845-b9e4-492d369d56f6", "rel": "self"}, {"href": "http://tddv-dlyse-openstack.eolas-services.com:8774/f07c410b42114fada3b780a91c210c2c/images/b6792bd8-328b-4845-b9e4-492d369d56f6", "rel": "bookmark"}, {"href": "http://tddv-dlyse-openstack:9292/f07c410b42114fada3b780a91c210c2c/images/b6792bd8-328b-4845-b9e4-492d369d56f6", "type": "application/vnd.openstack.image", "rel": "alternate"}], "id": "b6792bd8-328b-4845-b9e4-492d369d56f6", "OS-EXT-IMG-SIZE:size": 13200896, "name": "cirros-0.3.3-x86_64", "created": "2015-01-21T11:00:45Z", "minDisk": 0, "progress": 100, "minRam": 0, "metadata": {}}]}

2015-10-23 15:08:55 INFO  os:135 - 11 * LoggingFilter - Request received on thread sampleActorSystem-akka.actor.default-dispatcher-5
11 > GET http://tddv-dlyse-openstack.eolas-services.com:8774/v2/f07c410b42114fada3b780a91c210c2c/flavors/detail
11 > X-Auth-Token: d2c8eb4b2cad4c75841b375e0c6f48cb
11 > Accept: application/json

2015-10-23 15:08:55 INFO  os:135 - 12 * LoggingFilter - Response received on thread sampleActorSystem-akka.actor.default-dispatcher-5
12 < 200
12 < Date: Fri, 23 Oct 2015 13:08:23 GMT
12 < Content-Length: 2905
12 < Connection: keep-alive
12 < Content-Type: application/json
12 < X-Compute-Request-Id: req-6c49548d-1688-4900-a9b8-9c32a8335b19
{"flavors": [{"name": "dlyse.medium", "links": [{"href": "http://tddv-dlyse-openstack.eolas-services.com:8774/v2/f07c410b42114fada3b780a91c210c2c/flavors/1cea0ce5-fa84-45f1-aafd-551aafe55984", "rel": "self"}, {"href": "http://tddv-dlyse-openstack.eolas-services.com:8774/f07c410b42114fada3b780a91c210c2c/flavors/1cea0ce5-fa84-45f1-aafd-551aafe55984", "rel": "bookmark"}], "ram": 4096, "OS-FLV-DISABLED:disabled": false, "vcpus": 2, "swap": "", "os-flavor-access:is_public": false, "rxtx_factor": 1.0, "OS-FLV-EXT-DATA:ephemeral": 0, "disk": 20, "id": "1cea0ce5-fa84-45f1-aafd-551aafe55984"}, {"name": "dlyse.xlarge", "links": [{"href": "http://tddv-dlyse-openstack.eolas-services.com:8774/v2/f07c410b42114fada3b780a91c210c2c/flavors/4e7810aa-8496-43fe-9796-7f8f83e76dd2", "rel": "self"}, {"href": "http://tddv-dlyse-openstack.eolas-services.com:8774/f07c410b42114fada3b780a91c210c2c/flavors/4e7810aa-8496-43fe-9796-7f8f83e76dd2", "rel": "bookmark"}], "ram": 16384, "OS-FLV-DISABLED:disabled": false, "vcpus": 8, "swap": "", "os-flavor-access:is_public": false, "rxtx_factor": 1.0, "OS-FLV-EXT-DATA:ephemeral": 0, "disk": 20, "id": "4e7810aa-8496-43fe-9796-7f8f83e76dd2"}, {"name": "dlyse.large", "links": [{"href": "http://tddv-dlyse-openstack.eolas-services.com:8774/v2/f07c410b42114fada3b780a91c210c2c/flavors/7611b8b1-9415-4a8c-9735-0b4fe09d9fe5", "rel": "self"}, {"href": "http://tddv-dlyse-openstack.eolas-services.com:8774/f07c410b42114fada3b780a91c210c2c/flavors/7611b8b1-9415-4a8c-9735-0b4fe09d9fe5", "rel": "bookmark"}], "ram": 8192, "OS-FLV-DISABLED:disabled": false, "vcpus": 4, "swap": "", "os-flavor-access:is_public": false, "rxtx_factor": 1.0, "OS-FLV-EXT-DATA:ephemeral": 0, "disk": 20, "id": "7611b8b1-9415-4a8c-9735-0b4fe09d9fe5"}, {"name": "dlyse.small", "links": [{"href": "http://tddv-dlyse-openstack.eolas-services.com:8774/v2/f07c410b42114fada3b780a91c210c2c/flavors/d2e0cd62-fe1c-41d3-890c-27cad5e45bcd", "rel": "self"}, {"href": "http://tddv-dlyse-openstack.eolas-services.com:8774/f07c410b42114fada3b780a91c210c2c/flavors/d2e0cd62-fe1c-41d3-890c-27cad5e45bcd", "rel": "bookmark"}], "ram": 2048, "OS-FLV-DISABLED:disabled": false, "vcpus": 1, "swap": "", "os-flavor-access:is_public": false, "rxtx_factor": 1.0, "OS-FLV-EXT-DATA:ephemeral": 0, "disk": 10, "id": "d2e0cd62-fe1c-41d3-890c-27cad5e45bcd"}, {"name": "dlyse.tiny", "links": [{"href": "http://tddv-dlyse-openstack.eolas-services.com:8774/v2/f07c410b42114fada3b780a91c210c2c/flavors/e512a999-9b29-4af1-8afb-8dee4dd93e53", "rel": "self"}, {"href": "http://tddv-dlyse-openstack.eolas-services.com:8774/f07c410b42114fada3b780a91c210c2c/flavors/e512a999-9b29-4af1-8afb-8dee4dd93e53", "rel": "bookmark"}], "ram": 1024, "OS-FLV-DISABLED:disabled": false, "vcpus": 1, "swap": "", "os-flavor-access:is_public": false, "rxtx_factor": 1.0, "OS-FLV-EXT-DATA:ephemeral": 0, "disk": 10, "id": "e512a999-9b29-4af1-8afb-8dee4dd93e53"}]}

2015-10-23 15:09:01 INFO  os:135 - 13 * LoggingFilter - Request received on thread sampleActorSystem-akka.actor.default-dispatcher-5
13 > GET http://tddv-dlyse-openstack.eolas-services.com:8774/v2/f07c410b42114fada3b780a91c210c2c/images/detail
13 > X-Auth-Token: d2c8eb4b2cad4c75841b375e0c6f48cb
13 > Accept: application/json

2015-10-23 15:09:01 INFO  os:135 - 14 * LoggingFilter - Response received on thread sampleActorSystem-akka.actor.default-dispatcher-5
14 < 200
14 < Date: Fri, 23 Oct 2015 13:08:29 GMT
14 < Content-Length: 1674
14 < Connection: keep-alive
14 < Content-Type: application/json
14 < X-Compute-Request-Id: req-45f4c326-9e9e-4d8f-8db8-83d8c33aeabb
{"images": [{"status": "ACTIVE", "updated": "2015-03-12T08:46:08Z", "links": [{"href": "http://tddv-dlyse-openstack.eolas-services.com:8774/v2/f07c410b42114fada3b780a91c210c2c/images/7ae7d788-8b12-45f7-8fb9-23ce6cfaa7ac", "rel": "self"}, {"href": "http://tddv-dlyse-openstack.eolas-services.com:8774/f07c410b42114fada3b780a91c210c2c/images/7ae7d788-8b12-45f7-8fb9-23ce6cfaa7ac", "rel": "bookmark"}, {"href": "http://tddv-dlyse-openstack:9292/f07c410b42114fada3b780a91c210c2c/images/7ae7d788-8b12-45f7-8fb9-23ce6cfaa7ac", "type": "application/vnd.openstack.image", "rel": "alternate"}], "id": "7ae7d788-8b12-45f7-8fb9-23ce6cfaa7ac", "OS-EXT-IMG-SIZE:size": 256573952, "name": "Ubuntu 14.04.2 LTS", "created": "2015-03-12T08:42:54Z", "minDisk": 5, "progress": 100, "minRam": 256, "metadata": {"architecture": "x86_64", "description": "Ubuntu 14.04.2 LTS (Trusty Tahr) Daily Build [20150309]"}}, {"status": "ACTIVE", "updated": "2015-01-21T11:00:46Z", "links": [{"href": "http://tddv-dlyse-openstack.eolas-services.com:8774/v2/f07c410b42114fada3b780a91c210c2c/images/b6792bd8-328b-4845-b9e4-492d369d56f6", "rel": "self"}, {"href": "http://tddv-dlyse-openstack.eolas-services.com:8774/f07c410b42114fada3b780a91c210c2c/images/b6792bd8-328b-4845-b9e4-492d369d56f6", "rel": "bookmark"}, {"href": "http://tddv-dlyse-openstack:9292/f07c410b42114fada3b780a91c210c2c/images/b6792bd8-328b-4845-b9e4-492d369d56f6", "type": "application/vnd.openstack.image", "rel": "alternate"}], "id": "b6792bd8-328b-4845-b9e4-492d369d56f6", "OS-EXT-IMG-SIZE:size": 13200896, "name": "cirros-0.3.3-x86_64", "created": "2015-01-21T11:00:45Z", "minDisk": 0, "progress": 100, "minRam": 0, "metadata": {}}]}

2015-10-23 15:09:11 INFO  os:135 - 15 * LoggingFilter - Request received on thread sampleActorSystem-akka.actor.default-dispatcher-5
15 > GET http://tddv-dlyse-openstack.eolas-services.com:8774/v2/f07c410b42114fada3b780a91c210c2c/os-keypairs
15 > X-Auth-Token: d2c8eb4b2cad4c75841b375e0c6f48cb
15 > Accept: application/json

2015-10-23 15:09:11 INFO  os:135 - 16 * LoggingFilter - Response received on thread sampleActorSystem-akka.actor.default-dispatcher-5
16 < 200
16 < Date: Fri, 23 Oct 2015 13:08:39 GMT
16 < Content-Length: 1583
16 < Connection: keep-alive
16 < Content-Type: application/json
16 < X-Compute-Request-Id: req-abb8b7cf-f2a6-4dfe-b354-e3e62b21a4d6
{"keypairs": [{"keypair": {"public_key": "ssh-rsa AAAAB3NzaC1yc2EAAAADAQABAAABAQD0D1ztd12EgBe76/WGT/O3NL1NbWevZj8/1XyiPg+rAU6osNU6PUlDUhbVpW7m5mqFQ928+rFb8uvu4uakaJDfWeNz1CUNOYxMeNm0z9KXMrvs0qWvEqfz2YVYM8LgBSDJ74dv6P1nekcTD/36hr9fAhDY2B5Bh8cAiyFqMRnYRYs3j2fU540jNqfw/cuaoLixKxz/H6GLRHw/ygsRTSLBXjeC99exPXLmB6ULVGdg7r84Gijqn2XnEgFbL3EVePurpmjdlkIY7GWd6xTbF+SOiQiLZNVuKXoEuVEHKrgQLmKqYoqQ0aYCo7rFXviE7PncdiWNdTJt1OQ+fbbw+40B Generated-by-Nova\n", "name": "krikava", "fingerprint": "f9:2a:09:86:02:65:ea:ff:bb:98:e8:8e:74:61:c3:81"}}, {"keypair": {"public_key": "ssh-rsa AAAAB3NzaC1yc2EAAAADAQABAAABAQCpsAO13TPBisLrB6/57F4jLcf5MV8uwU77YSLK39t+uk0vJ30qH4RtQQgCqEbYSnWM/TbBgDI9lzTYmbzckVfVuggJu68ptCEcOZB+ngn5l+aG1Izep5MteeEi5hRF/yD9aGIFoiZeeJlq59Aff7VYEMZYBF4HNo0JiWqZQq/TREmGor4sRTl3FCOXG8zGlNnq1rxOEECLW0J+tqXUgBuRa0s3RIJrXsgwd20C1zDI076sSThQhTUhb/iB7Gt3U7lSTQ/F76Zq1YLUXHUj4MX1sHHr+zg6Y+JufHwMl0PcsnaV04nWaFTJNuNOJohDVEq+nw3ZQZilKAYOMvElurcl spirals@193-51-236-73.lille.inria.fr", "name": "ZHANGBo", "fingerprint": "41:72:ba:bd:67:a6:61:53:38:37:70:ce:29:32:fa:8a"}}, {"keypair": {"public_key": "ssh-rsa AAAAB3NzaC1yc2EAAAADAQABAAABAQDuL0vW+E0lJGp2NqEfo2DbbfKHEDdXPFOpU+KgIxS+5TCOxXkiBAYXJxQTBArkEwYB+l1xSYLkq6NykwEKXyBbNuczchkUQWm4IbFagTX9ztRSFQF13xQk6tkkVJ9kkz9qC48p1OQfygnRxN7BJZpIV76dr9Jh+gsCY02iRsGFa9toSsqOj2Xj/Q2FEP8fBsXj0mrD5Ni65K1TbC12fv+if7yi4H3X1t+1ddZwnm93LnHMiHuFKfrrFXS453tTq48yfXuuMQ/Hex3pVnlrTe2cKJW9NLz+Uwr6lIJ4DqFYcKYGwlAKzzoAwt/KaQO/hFJa9+RdNDNvHIXgi2Z5wbJB Generated-by-Nova\n", "name": "lalos", "fingerprint": "45:13:56:12:5c:32:d5:94:03:33:c2:42:e2:10:42:82"}}]}

